[14:49:27] [main/INFO]: Using mbed TLS based native cipher.
[14:49:27] [main/INFO]: Using zlib based native compressor.
[14:49:27] [main/INFO]: Enabled Waterfall version git:Waterfall-Bootstrap:1.19-R0.1-SNAPSHOT:f6069e2:513
[14:49:27] [main/INFO]: Not on Windows, attempting to use enhanced EpollEventLoop
[14:49:27] [main/INFO]: Epoll is working, utilising it!
[14:49:27] [main/INFO]: Discovered module: ModuleSpec(name=cmd_alert, file=modules/cmd_alert.jar, provider=JenkinsModuleSource())
[14:49:27] [main/INFO]: Discovered module: ModuleSpec(name=cmd_find, file=modules/cmd_find.jar, provider=JenkinsModuleSource())
[14:49:27] [main/INFO]: Discovered module: ModuleSpec(name=cmd_list, file=modules/cmd_list.jar, provider=JenkinsModuleSource())
[14:49:27] [main/INFO]: Discovered module: ModuleSpec(name=cmd_send, file=modules/cmd_send.jar, provider=JenkinsModuleSource())
[14:49:27] [main/INFO]: Discovered module: ModuleSpec(name=cmd_server, file=modules/cmd_server.jar, provider=JenkinsModuleSource())
[14:49:27] [main/INFO]: Discovered module: ModuleSpec(name=reconnect_yaml, file=modules/reconnect_yaml.jar, provider=JenkinsModuleSource())
[14:49:27] [main/INFO]: Attempting to update plugin from null to ModuleVersion(build=513, git=f6069e2)
[14:49:27] [main/INFO]: Attempting to Jenkins download module cmd_alert v513
[14:49:28] [main/INFO]: Download complete
[14:49:28] [main/INFO]: Attempting to update plugin from null to ModuleVersion(build=513, git=f6069e2)
[14:49:28] [main/INFO]: Attempting to Jenkins download module cmd_find v513
[14:49:28] [main/INFO]: Download complete
[14:49:28] [main/INFO]: Attempting to update plugin from null to ModuleVersion(build=513, git=f6069e2)
[14:49:28] [main/INFO]: Attempting to Jenkins download module cmd_list v513
[14:49:28] [main/INFO]: Download complete
[14:49:28] [main/INFO]: Attempting to update plugin from null to ModuleVersion(build=513, git=f6069e2)
[14:49:28] [main/INFO]: Attempting to Jenkins download module cmd_send v513
[14:49:28] [main/INFO]: Download complete
[14:49:28] [main/INFO]: Attempting to update plugin from null to ModuleVersion(build=513, git=f6069e2)
[14:49:28] [main/INFO]: Attempting to Jenkins download module cmd_server v513
[14:49:29] [main/INFO]: Download complete
[14:49:29] [main/INFO]: Attempting to update plugin from null to ModuleVersion(build=513, git=f6069e2)
[14:49:29] [main/INFO]: Attempting to Jenkins download module reconnect_yaml v513
[14:49:29] [main/INFO]: Download complete
[14:49:29] [main/INFO]: Loaded plugin reconnect_yaml version git:reconnect_yaml:1.19-R0.1-SNAPSHOT:f6069e2:513 by WaterfallMC
[14:49:29] [main/INFO]: Loaded plugin cmd_find version git:cmd_find:1.19-R0.1-SNAPSHOT:f6069e2:513 by WaterfallMC
[14:49:29] [main/INFO]: Loaded plugin cmd_server version git:cmd_server:1.19-R0.1-SNAPSHOT:f6069e2:513 by WaterfallMC
[14:49:29] [main/INFO]: Loaded plugin cmd_alert version git:cmd_alert:1.19-R0.1-SNAPSHOT:f6069e2:513 by WaterfallMC
[14:49:29] [main/INFO]: Loaded plugin cmd_send version git:cmd_send:1.19-R0.1-SNAPSHOT:f6069e2:513 by WaterfallMC
[14:49:29] [main/INFO]: Loaded plugin cmd_list version git:cmd_list:1.19-R0.1-SNAPSHOT:f6069e2:513 by WaterfallMC
[14:49:29] [main/WARN]: :>:>:>:>:>:>:>:>:>:>:>:>:>:>:>:>:>:>:>:>:>:>:>
[14:49:29] [main/WARN]: :>  
[14:49:29] [main/WARN]: :>      EAGLERCRAFTXBUNGEE WARNING:
[14:49:29] [main/WARN]: :>  
[14:49:29] [main/WARN]: :>  This plugin wasn't tested to be 'working'
[14:49:29] [main/WARN]: :>  with ANY version of BungeeCord (and forks)
[14:49:29] [main/WARN]: :>  apart from the versions listed below:
[14:49:29] [main/WARN]: :>  
[14:49:29] [main/WARN]: :>  - BungeeCord: 1.20-R0.2-SNAPSHOT:231024b:1777
[14:49:29] [main/WARN]: :>  - Waterfall: 1.20-R0.2-SNAPSHOT:d85fe36:556
[14:49:29] [main/WARN]: :>  - FlameCord: 1.1.1
[14:49:29] [main/WARN]: :>  
[14:49:29] [main/WARN]: :>  This is not a Bukkit/Spigot plugin!
[14:49:29] [main/WARN]: :>  
[14:49:29] [main/WARN]: :>  Use "-Deaglerxbungee.stfu=true" to hide
[14:49:29] [main/WARN]: :>  
[14:49:29] [main/WARN]: :>:>:>:>:>:>:>:>:>:>:>:>:>:>:>:>:>:>:>:>:>:>:>
[14:49:29] [main/INFO] [EaglercraftXBungee]: Loading vanilla profile: lax1dude
[14:49:29] [Skin Download Thread #1/INFO] [EaglercraftXBungee]: Loaded vanilla profile: lax1dude
[14:49:29] [main/INFO]: Loaded plugin EaglercraftXBungee version 1.0.9 by lax1dude
[14:49:29] [main/WARN]: Forced host server pvp is not defined
[14:49:29] [main/INFO]: Enabled plugin reconnect_yaml version git:reconnect_yaml:1.19-R0.1-SNAPSHOT:f6069e2:513 by WaterfallMC
[14:49:29] [main/INFO]: Enabled plugin cmd_find version git:cmd_find:1.19-R0.1-SNAPSHOT:f6069e2:513 by WaterfallMC
[14:49:29] [main/INFO]: Enabled plugin cmd_server version git:cmd_server:1.19-R0.1-SNAPSHOT:f6069e2:513 by WaterfallMC
[14:49:29] [main/INFO]: Enabled plugin cmd_alert version git:cmd_alert:1.19-R0.1-SNAPSHOT:f6069e2:513 by WaterfallMC
[14:49:29] [main/INFO]: Enabled plugin cmd_send version git:cmd_send:1.19-R0.1-SNAPSHOT:f6069e2:513 by WaterfallMC
[14:49:29] [main/INFO]: Enabled plugin cmd_list version git:cmd_list:1.19-R0.1-SNAPSHOT:f6069e2:513 by WaterfallMC
[14:49:29] [main/ERROR] [EaglercraftXBungee]: Online mode is set to false! Authentication system has been disabled
[14:49:29] [Netty Worker IO Thread #0/INFO] [EaglercraftXBungee]: Eaglercraft is listening on: /0.0.0.0:8081
[14:49:30] [main/INFO] [EaglercraftXBungee]: Connected to database: jdbc:sqlite:eaglercraft_skins_cache.db
[14:49:30] [main/INFO]: Enabled plugin EaglercraftXBungee version 1.0.9 by lax1dude
[14:49:30] [Netty Boss IO Thread #0/INFO]: Listening on /127.0.0.1:25577
[14:50:39] [Netty Worker IO Thread #1/WARN] [EaglercraftXBungee]: Server icon is not a file: /workspaces/EaglercraftX-Server/bungee/server-icon.png
[14:50:40] [Netty Worker IO Thread #2/INFO] [EaglercraftXBungee]: [/[0:0:0:0:0:0:0:1%0]:58488]: Connected via websocket
[14:50:40] [Netty Worker IO Thread #2/INFO] [EaglercraftXBungee]: [/[0:0:0:0:0:0:0:1%0]:58488]: Origin header is https://client.eaglercraft.dev
[14:50:40] [Netty Worker IO Thread #2/INFO] [EaglercraftXBungee]: [/[0:0:0:0:0:0:0:1%0]:58488]: Logged in as 'darthfurry'
[14:50:40] [Netty Worker IO Thread #2/INFO]: [/[0:0:0:0:0:0:0:1%0]:58488|darthfurry] -> UpstreamBridge has connected
[14:50:40] [Netty Worker IO Thread #2/WARN]: Error occurred processing connection for darthfurry AnnotatedConnectException : finishConnect(..) failed: Connection refused: localhost/127.0.0.1:25565
[14:50:40] [Netty Worker IO Thread #2/INFO]: [darthfurry] disconnected with: Could not connect to a default or fallback server. Incorrectly configured address/port/firewall? 
[14:50:40] [Netty Worker IO Thread #2/INFO]: [/[0:0:0:0:0:0:0:1%0]:58488|darthfurry] -> UpstreamBridge has disconnected
[14:50:58] [Netty Worker IO Thread #3/INFO] [EaglercraftXBungee]: [/[0:0:0:0:0:0:0:1%0]:46090]: Connected via websocket
[14:50:58] [Netty Worker IO Thread #3/INFO] [EaglercraftXBungee]: [/[0:0:0:0:0:0:0:1%0]:46090]: Origin header is https://client.eaglercraft.dev
[14:50:58] [Netty Worker IO Thread #3/INFO] [EaglercraftXBungee]: [/[0:0:0:0:0:0:0:1%0]:46090]: Logged in as 'darthfurry'
[14:50:58] [Netty Worker IO Thread #3/INFO]: [/[0:0:0:0:0:0:0:1%0]:46090|darthfurry] -> UpstreamBridge has connected
[14:50:58] [Netty Worker IO Thread #3/WARN]: Error occurred processing connection for darthfurry AnnotatedConnectException : finishConnect(..) failed: Connection refused: localhost/127.0.0.1:25565
[14:50:58] [Netty Worker IO Thread #3/INFO]: [darthfurry] disconnected with: Could not connect to a default or fallback server. Incorrectly configured address/port/firewall? 
[14:50:58] [Netty Worker IO Thread #3/INFO]: [/[0:0:0:0:0:0:0:1%0]:46090|darthfurry] -> UpstreamBridge has disconnected
[14:51:11] [main/INFO]: Command not found
